DEBUG 2017-04-28 19:02:31,161 views Resetting session info for tracking metadata across handlers
DEBUG 2017-04-28 19:02:41,648 views Resetting session info for tracking metadata across handlers
DEBUG 2017-04-28 19:02:41,651 views StudyCreateUpdateMixin: cleared session and re-init to {'id': 11, 'name': 'sdaf'}
DEBUG 2017-04-28 19:02:41,668 views Resetting session info for tracking metadata across handlers
DEBUG 2017-04-28 19:02:48,957 views Resetting session info for tracking metadata across handlers
DEBUG 2017-04-28 19:03:03,601 views Resetting session info for tracking metadata across handlers
DEBUG 2017-04-28 19:03:03,603 views StudyCreateUpdateMixin: cleared session and re-init to {'id': 1, 'name': 'Gemfibrozil study test'}
INFO 2017-04-28 19:03:16,798 views experiments_confirm: Deleted the following non-selected experiments: ['gemfibrozil-700mg/kg-7day']
ERROR 2017-04-28 19:07:05,417 views Creating temporary working directory C:\Users\JEFFSU~1\AppData\Local\Temp\960608676065037081
ERROR 2017-04-28 19:20:04,108 exception Internal Server Error: /samples_add/
Traceback (most recent call last):
  File "C:\Users\Jeff Sutherland\AppData\Local\Programs\Python\Python35\lib\site-packages\django\db\backends\utils.py", line 64, in execute
    return self.cursor.execute(sql, params)
psycopg2.IntegrityError: null value in column "study_id" violates not-null constraint
DETAIL:  Failing row contains (1, ctl-1, 2017-04-28 19:20:04.031394+00, null).


The above exception was the direct cause of the following exception:

Traceback (most recent call last):
  File "C:\Users\Jeff Sutherland\AppData\Local\Programs\Python\Python35\lib\site-packages\django\core\handlers\exception.py", line 39, in inner
    response = get_response(request)
  File "C:\Users\Jeff Sutherland\AppData\Local\Programs\Python\Python35\lib\site-packages\django\core\handlers\base.py", line 187, in _get_response
    response = self.process_exception_by_middleware(e, request)
  File "C:\Users\Jeff Sutherland\AppData\Local\Programs\Python\Python35\lib\site-packages\django\core\handlers\base.py", line 185, in _get_response
    response = wrapped_callback(request, *callback_args, **callback_kwargs)
  File "C:\Users\Jeff Sutherland\PycharmProjects\toxapp\tp\views.py", line 254, in create_samples
    added = formset.save()
  File "C:\Users\Jeff Sutherland\AppData\Local\Programs\Python\Python35\lib\site-packages\django\forms\models.py", line 651, in save
    return self.save_existing_objects(commit) + self.save_new_objects(commit)
  File "C:\Users\Jeff Sutherland\AppData\Local\Programs\Python\Python35\lib\site-packages\django\forms\models.py", line 784, in save_new_objects
    self.new_objects.append(self.save_new(form, commit=commit))
  File "C:\Users\Jeff Sutherland\AppData\Local\Programs\Python\Python35\lib\site-packages\django\forms\models.py", line 629, in save_new
    return form.save(commit=commit)
  File "C:\Users\Jeff Sutherland\AppData\Local\Programs\Python\Python35\lib\site-packages\django\forms\models.py", line 453, in save
    self.instance.save()
  File "C:\Users\Jeff Sutherland\AppData\Local\Programs\Python\Python35\lib\site-packages\django\db\models\base.py", line 796, in save
    force_update=force_update, update_fields=update_fields)
  File "C:\Users\Jeff Sutherland\AppData\Local\Programs\Python\Python35\lib\site-packages\django\db\models\base.py", line 824, in save_base
    updated = self._save_table(raw, cls, force_insert, force_update, using, update_fields)
  File "C:\Users\Jeff Sutherland\AppData\Local\Programs\Python\Python35\lib\site-packages\django\db\models\base.py", line 908, in _save_table
    result = self._do_insert(cls._base_manager, using, fields, update_pk, raw)
  File "C:\Users\Jeff Sutherland\AppData\Local\Programs\Python\Python35\lib\site-packages\django\db\models\base.py", line 947, in _do_insert
    using=using, raw=raw)
  File "C:\Users\Jeff Sutherland\AppData\Local\Programs\Python\Python35\lib\site-packages\django\db\models\manager.py", line 85, in manager_method
    return getattr(self.get_queryset(), name)(*args, **kwargs)
  File "C:\Users\Jeff Sutherland\AppData\Local\Programs\Python\Python35\lib\site-packages\django\db\models\query.py", line 1045, in _insert
    return query.get_compiler(using=using).execute_sql(return_id)
  File "C:\Users\Jeff Sutherland\AppData\Local\Programs\Python\Python35\lib\site-packages\django\db\models\sql\compiler.py", line 1054, in execute_sql
    cursor.execute(sql, params)
  File "C:\Users\Jeff Sutherland\AppData\Local\Programs\Python\Python35\lib\site-packages\django\db\backends\utils.py", line 79, in execute
    return super(CursorDebugWrapper, self).execute(sql, params)
  File "C:\Users\Jeff Sutherland\AppData\Local\Programs\Python\Python35\lib\site-packages\django\db\backends\utils.py", line 64, in execute
    return self.cursor.execute(sql, params)
  File "C:\Users\Jeff Sutherland\AppData\Local\Programs\Python\Python35\lib\site-packages\django\db\utils.py", line 94, in __exit__
    six.reraise(dj_exc_type, dj_exc_value, traceback)
  File "C:\Users\Jeff Sutherland\AppData\Local\Programs\Python\Python35\lib\site-packages\django\utils\six.py", line 685, in reraise
    raise value.with_traceback(tb)
  File "C:\Users\Jeff Sutherland\AppData\Local\Programs\Python\Python35\lib\site-packages\django\db\backends\utils.py", line 64, in execute
    return self.cursor.execute(sql, params)
django.db.utils.IntegrityError: null value in column "study_id" violates not-null constraint
DETAIL:  Failing row contains (1, ctl-1, 2017-04-28 19:20:04.031394+00, null).

ERROR 2017-04-28 19:20:04,242 basehttp "POST /samples_add/ HTTP/1.1" 500 155995
ERROR 2017-04-28 19:28:48,295 views confirm_experiment_sample_pair: Calling compute_fold_change without a computation_recs session variable
INFO 2017-04-28 19:36:58,683 views samples_confirm: Deleted the following non-selected samples: ['ctl-1']
ERROR 2017-04-28 19:39:06,576 views confirm_experiment_sample_pair: Calling compute_fold_change without a computation_recs session variable
ERROR 2017-04-28 19:39:26,383 views confirm_experiment_sample_pair: Calling compute_fold_change without a computation_recs session variable
ERROR 2017-04-28 19:41:16,691 views We are here ...
ERROR 2017-04-28 19:41:16,748 views confirm_experiment_sample_pair: Calling compute_fold_change without a computation_recs session variable
ERROR 2017-04-28 19:43:26,505 views We are here ...
ERROR 2017-04-28 19:43:52,979 exception Internal Server Error: /experiment_sample_add/
Traceback (most recent call last):
  File "C:\Users\Jeff Sutherland\AppData\Local\Programs\Python\Python35\lib\site-packages\django\core\handlers\exception.py", line 39, in inner
    response = get_response(request)
  File "C:\Users\Jeff Sutherland\AppData\Local\Programs\Python\Python35\lib\site-packages\django\core\handlers\base.py", line 187, in _get_response
    response = self.process_exception_by_middleware(e, request)
  File "C:\Users\Jeff Sutherland\AppData\Local\Programs\Python\Python35\lib\site-packages\django\core\handlers\base.py", line 185, in _get_response
    response = wrapped_callback(request, *callback_args, **callback_kwargs)
  File "C:\Users\Jeff Sutherland\PycharmProjects\toxapp\tp\views.py", line 325, in create_experiment_sample_pair
    return HttpResponseRedirect(reverse('tp:experient-sample-add'))
  File "C:\Users\Jeff Sutherland\AppData\Local\Programs\Python\Python35\lib\site-packages\django\urls\base.py", line 91, in reverse
    return force_text(iri_to_uri(resolver._reverse_with_prefix(view, prefix, *args, **kwargs)))
  File "C:\Users\Jeff Sutherland\AppData\Local\Programs\Python\Python35\lib\site-packages\django\urls\resolvers.py", line 392, in _reverse_with_prefix
    (lookup_view_s, args, kwargs, len(patterns), patterns)
django.urls.exceptions.NoReverseMatch: Reverse for 'experient-sample-add' with arguments '()' and keyword arguments '{}' not found. 0 pattern(s) tried: []
ERROR 2017-04-28 19:43:53,029 basehttp "POST /experiment_sample_add/ HTTP/1.1" 500 86593
ERROR 2017-04-28 19:46:19,886 views We are here ...
ERROR 2017-04-28 19:46:29,128 views We are here ...
ERROR 2017-04-28 19:46:48,120 views We are here ...
ERROR 2017-04-28 19:47:06,411 views We are here ...
DEBUG 2017-04-28 19:47:06,479 views confirm_experiment_sample_pair: what we have in session [{'experiment': {'exp_id': 8, 'exp_name': 'gemfibrozil-700mg/kg-1day'},
  'experiment_vs_sample': [7, 8, 9, 10, 11, 12],
  'sample': [{'sample_id': 27,
              'sample_name': 'gem-high-1-7d',
              'sample_type': 'I'},
             {'sample_id': 29,
              'sample_name': 'gem-high2-7d',
              'sample_type': 'I'},
             {'sample_id': 30,
              'sample_name': 'gem-high3 -7d',
              'sample_type': 'I'},
             {'sample_id': 21, 'sample_name': 'ctl-1-7d', 'sample_type': 'C'},
             {'sample_id': 23, 'sample_name': 'ctl-2-7d', 'sample_type': 'C'},
             {'sample_id': 25, 'sample_name': 'ctl-3-7d', 'sample_type': 'C'}]},
 {'experiment': {'exp_id': 7, 'exp_name': 'gemfibrozil-100mg/kg-7day'},
  'experiment_vs_sample': [13, 14, 15, 16, 17, 18],
  'sample': [{'sample_id': 32,
              'sample_name': 'gem-low-1 -7d',
              'sample_type': 'I'},
             {'sample_id': 34,
              'sample_name': 'gem-low-2 -7d',
              'sample_type': 'I'},
             {'sample_id': 36,
              'sample_name': 'gem-low-3 -7d',
              'sample_type': 'I'},
             {'sample_id': 21, 'sample_name': 'ctl-1-7d', 'sample_type': 'C'},
             {'sample_id': 23, 'sample_name': 'ctl-2-7d', 'sample_type': 'C'},
             {'sample_id': 25, 'sample_name': 'ctl-3-7d', 'sample_type': 'C'}]},
 {'experiment': {'exp_id': 3, 'exp_name': 'gemfibrozil-100mg/kg-1day'},
  'experiment_vs_sample': [19, 20, 21, 22, 23, 24],
  'sample': [{'sample_id': 33, 'sample_name': 'gem-low-1', 'sample_type': 'I'},
             {'sample_id': 35, 'sample_name': 'gem-low-2', 'sample_type': 'I'},
             {'sample_id': 37, 'sample_name': 'gem-low-3', 'sample_type': 'I'},
             {'sample_id': 22, 'sample_name': 'ctl-2', 'sample_type': 'C'},
             {'sample_id': 24, 'sample_name': 'ctl-3', 'sample_type': 'C'},
             {'sample_id': 38, 'sample_name': 'ctl-1', 'sample_type': 'C'}]}]
DEBUG 2017-04-28 19:47:06,484 views confirm_experiment_sample_pair: Content of row I, gem-high-1-7d, gemfibrozil-700mg/kg-1day
DEBUG 2017-04-28 19:47:06,486 views confirm_experiment_sample_pair: Content of row I, gem-high2-7d, gemfibrozil-700mg/kg-1day
DEBUG 2017-04-28 19:47:06,488 views confirm_experiment_sample_pair: Content of row I, gem-high3 -7d, gemfibrozil-700mg/kg-1day
DEBUG 2017-04-28 19:47:06,492 views confirm_experiment_sample_pair: Content of row C, ctl-1-7d, gemfibrozil-700mg/kg-1day
DEBUG 2017-04-28 19:47:06,494 views confirm_experiment_sample_pair: Content of row C, ctl-2-7d, gemfibrozil-700mg/kg-1day
DEBUG 2017-04-28 19:47:06,497 views confirm_experiment_sample_pair: Content of row C, ctl-3-7d, gemfibrozil-700mg/kg-1day
DEBUG 2017-04-28 19:47:06,499 views confirm_experiment_sample_pair: Content of row I, gem-low-1 -7d, gemfibrozil-100mg/kg-7day
DEBUG 2017-04-28 19:47:06,502 views confirm_experiment_sample_pair: Content of row I, gem-low-2 -7d, gemfibrozil-100mg/kg-7day
DEBUG 2017-04-28 19:47:06,504 views confirm_experiment_sample_pair: Content of row I, gem-low-3 -7d, gemfibrozil-100mg/kg-7day
DEBUG 2017-04-28 19:47:06,506 views confirm_experiment_sample_pair: Content of row C, ctl-1-7d, gemfibrozil-100mg/kg-7day
DEBUG 2017-04-28 19:47:06,509 views confirm_experiment_sample_pair: Content of row C, ctl-2-7d, gemfibrozil-100mg/kg-7day
DEBUG 2017-04-28 19:47:06,511 views confirm_experiment_sample_pair: Content of row C, ctl-3-7d, gemfibrozil-100mg/kg-7day
DEBUG 2017-04-28 19:47:06,513 views confirm_experiment_sample_pair: Content of row I, gem-low-1, gemfibrozil-100mg/kg-1day
DEBUG 2017-04-28 19:47:06,515 views confirm_experiment_sample_pair: Content of row I, gem-low-2, gemfibrozil-100mg/kg-1day
DEBUG 2017-04-28 19:47:06,517 views confirm_experiment_sample_pair: Content of row I, gem-low-3, gemfibrozil-100mg/kg-1day
DEBUG 2017-04-28 19:47:06,519 views confirm_experiment_sample_pair: Content of row C, ctl-2, gemfibrozil-100mg/kg-1day
DEBUG 2017-04-28 19:47:06,521 views confirm_experiment_sample_pair: Content of row C, ctl-3, gemfibrozil-100mg/kg-1day
DEBUG 2017-04-28 19:47:06,523 views confirm_experiment_sample_pair: Content of row C, ctl-1, gemfibrozil-100mg/kg-1day
DEBUG 2017-04-28 19:47:20,695 views confirm_experiment_sample_pair: json job config file:  C:\Users\JEFFSU~1\AppData\Local\Temp\960608676065037081\computation_data.json
DEBUG 2017-04-28 19:47:20,735 views compute_fold_change: json job config file:  C:\Users\JEFFSU~1\AppData\Local\Temp\960608676065037081\computation_data.json
DEBUG 2017-04-28 19:47:20,735 views compute_fold_change: tmpdir: C:\Users\JEFFSU~1\AppData\Local\Temp\960608676065037081
DEBUG 2017-04-28 19:47:20,737 views compute_fold_change: json contents [{'experiment': {'exp_id': 8, 'exp_name': 'gemfibrozil-700mg/kg-1day'},
  'experiment_vs_sample': [7, 8, 9, 10, 11, 12],
  'sample': [{'sample_id': 27,
              'sample_name': 'gem-high-1-7d',
              'sample_type': 'I'},
             {'sample_id': 29,
              'sample_name': 'gem-high2-7d',
              'sample_type': 'I'},
             {'sample_id': 30,
              'sample_name': 'gem-high3 -7d',
              'sample_type': 'I'},
             {'sample_id': 21, 'sample_name': 'ctl-1-7d', 'sample_type': 'C'},
             {'sample_id': 23, 'sample_name': 'ctl-2-7d', 'sample_type': 'C'},
             {'sample_id': 25, 'sample_name': 'ctl-3-7d', 'sample_type': 'C'}]},
 {'experiment': {'exp_id': 7, 'exp_name': 'gemfibrozil-100mg/kg-7day'},
  'experiment_vs_sample': [13, 14, 15, 16, 17, 18],
  'sample': [{'sample_id': 32,
              'sample_name': 'gem-low-1 -7d',
              'sample_type': 'I'},
             {'sample_id': 34,
              'sample_name': 'gem-low-2 -7d',
              'sample_type': 'I'},
             {'sample_id': 36,
              'sample_name': 'gem-low-3 -7d',
              'sample_type': 'I'},
             {'sample_id': 21, 'sample_name': 'ctl-1-7d', 'sample_type': 'C'},
             {'sample_id': 23, 'sample_name': 'ctl-2-7d', 'sample_type': 'C'},
             {'sample_id': 25, 'sample_name': 'ctl-3-7d', 'sample_type': 'C'}]},
 {'experiment': {'exp_id': 3, 'exp_name': 'gemfibrozil-100mg/kg-1day'},
  'experiment_vs_sample': [19, 20, 21, 22, 23, 24],
  'sample': [{'sample_id': 33, 'sample_name': 'gem-low-1', 'sample_type': 'I'},
             {'sample_id': 35, 'sample_name': 'gem-low-2', 'sample_type': 'I'},
             {'sample_id': 37, 'sample_name': 'gem-low-3', 'sample_type': 'I'},
             {'sample_id': 22, 'sample_name': 'ctl-2', 'sample_type': 'C'},
             {'sample_id': 24, 'sample_name': 'ctl-3', 'sample_type': 'C'},
             {'sample_id': 38, 'sample_name': 'ctl-1', 'sample_type': 'C'}]}]
DEBUG 2017-04-28 19:47:20,737 views compute_fold_change: full_exp_file C:\Users\JEFFSU~1\AppData\Local\Temp\960608676065037081\exps.csv
DEBUG 2017-04-28 19:47:20,737 views compute_fold_change: sample file: gem-high-1-7d.CEL
DEBUG 2017-04-28 19:47:20,738 views compute_fold_change: sample file: gem-high2-7d.CEL
DEBUG 2017-04-28 19:47:20,738 views compute_fold_change: sample file: gem-high3 -7d.CEL
DEBUG 2017-04-28 19:47:20,738 views compute_fold_change: sample file: ctl-1-7d.CEL
DEBUG 2017-04-28 19:47:20,738 views compute_fold_change: sample file: ctl-2-7d.CEL
DEBUG 2017-04-28 19:47:20,738 views compute_fold_change: sample file: ctl-3-7d.CEL
DEBUG 2017-04-28 19:47:20,738 views compute_fold_change: sample file: gem-low-1 -7d.CEL
DEBUG 2017-04-28 19:47:20,739 views compute_fold_change: sample file: gem-low-2 -7d.CEL
DEBUG 2017-04-28 19:47:20,739 views compute_fold_change: sample file: gem-low-3 -7d.CEL
DEBUG 2017-04-28 19:47:20,739 views compute_fold_change: sample file: ctl-1-7d.CEL
DEBUG 2017-04-28 19:47:20,739 views compute_fold_change: sample file: ctl-2-7d.CEL
DEBUG 2017-04-28 19:47:20,739 views compute_fold_change: sample file: ctl-3-7d.CEL
DEBUG 2017-04-28 19:47:20,739 views compute_fold_change: sample file: gem-low-1.CEL
DEBUG 2017-04-28 19:47:20,739 views compute_fold_change: sample file: gem-low-2.CEL
DEBUG 2017-04-28 19:47:20,740 views compute_fold_change: sample file: gem-low-3.CEL
DEBUG 2017-04-28 19:47:20,740 views compute_fold_change: sample file: ctl-2.CEL
DEBUG 2017-04-28 19:47:20,740 views compute_fold_change: sample file: ctl-3.CEL
DEBUG 2017-04-28 19:47:20,740 views compute_fold_change: sample file: ctl-1.CEL
ERROR 2017-04-28 19:47:20,781 exception Internal Server Error: /compute_fold_change/
Traceback (most recent call last):
  File "C:\Users\Jeff Sutherland\AppData\Local\Programs\Python\Python35\lib\site-packages\kombu\utils\objects.py", line 42, in __get__
    return obj.__dict__[self.__name__]
KeyError: 'backend'

During handling of the above exception, another exception occurred:

Traceback (most recent call last):
  File "C:\Users\Jeff Sutherland\AppData\Local\Programs\Python\Python35\lib\site-packages\celery\backends\filesystem.py", line 63, in _do_directory_test
    self.set(key, b'test value')
  File "C:\Users\Jeff Sutherland\AppData\Local\Programs\Python\Python35\lib\site-packages\celery\backends\filesystem.py", line 80, in set
    with self.open(self._filename(key), 'wb') as outfile:
FileNotFoundError: [Errno 2] No such file or directory: b'/tmp/celery/results\\.fs-backend-894df99b-81e6-4446-a488-79d27080203a'

During handling of the above exception, another exception occurred:

Traceback (most recent call last):
  File "C:\Users\Jeff Sutherland\AppData\Local\Programs\Python\Python35\lib\site-packages\django\core\handlers\exception.py", line 39, in inner
    response = get_response(request)
  File "C:\Users\Jeff Sutherland\AppData\Local\Programs\Python\Python35\lib\site-packages\django\core\handlers\base.py", line 187, in _get_response
    response = self.process_exception_by_middleware(e, request)
  File "C:\Users\Jeff Sutherland\AppData\Local\Programs\Python\Python35\lib\site-packages\django\core\handlers\base.py", line 185, in _get_response
    response = wrapped_callback(request, *callback_args, **callback_kwargs)
  File "C:\Users\Jeff Sutherland\PycharmProjects\toxapp\tp\views.py", line 468, in compute_fold_change
    res = process_user_files.delay(tmpdir, config, user.email)
  File "C:\Users\Jeff Sutherland\AppData\Local\Programs\Python\Python35\lib\site-packages\celery\app\task.py", line 412, in delay
    return self.apply_async(args, kwargs)
  File "C:\Users\Jeff Sutherland\AppData\Local\Programs\Python\Python35\lib\site-packages\celery\app\task.py", line 535, in apply_async
    **options
  File "C:\Users\Jeff Sutherland\AppData\Local\Programs\Python\Python35\lib\site-packages\celery\app\base.py", line 736, in send_task
    self.backend.on_task_call(P, task_id)
  File "C:\Users\Jeff Sutherland\AppData\Local\Programs\Python\Python35\lib\site-packages\kombu\utils\objects.py", line 44, in __get__
    value = obj.__dict__[self.__name__] = self.__get(obj)
  File "C:\Users\Jeff Sutherland\AppData\Local\Programs\Python\Python35\lib\site-packages\celery\app\base.py", line 1182, in backend
    return self._get_backend()
  File "C:\Users\Jeff Sutherland\AppData\Local\Programs\Python\Python35\lib\site-packages\celery\app\base.py", line 901, in _get_backend
    return backend(app=self, url=url)
  File "C:\Users\Jeff Sutherland\AppData\Local\Programs\Python\Python35\lib\site-packages\celery\backends\filesystem.py", line 52, in __init__
    self._do_directory_test(b'.fs-backend-' + uuid().encode(encoding))
  File "C:\Users\Jeff Sutherland\AppData\Local\Programs\Python\Python35\lib\site-packages\celery\backends\filesystem.py", line 67, in _do_directory_test
    raise ImproperlyConfigured(E_PATH_INVALID)
celery.exceptions.ImproperlyConfigured: The configured path for the file-system backend does not
work correctly, please make sure that it exists and has
the correct permissions.
ERROR 2017-04-28 19:47:20,861 basehttp "GET /compute_fold_change/ HTTP/1.1" 500 141142
DEBUG 2017-04-28 19:48:36,248 views confirm_experiment_sample_pair: what we have in session [{'experiment': {'exp_id': 8, 'exp_name': 'gemfibrozil-700mg/kg-1day'},
  'experiment_vs_sample': [7, 8, 9, 10, 11, 12],
  'sample': [{'sample_id': 27,
              'sample_name': 'gem-high-1-7d',
              'sample_type': 'I'},
             {'sample_id': 29,
              'sample_name': 'gem-high2-7d',
              'sample_type': 'I'},
             {'sample_id': 30,
              'sample_name': 'gem-high3 -7d',
              'sample_type': 'I'},
             {'sample_id': 21, 'sample_name': 'ctl-1-7d', 'sample_type': 'C'},
             {'sample_id': 23, 'sample_name': 'ctl-2-7d', 'sample_type': 'C'},
             {'sample_id': 25, 'sample_name': 'ctl-3-7d', 'sample_type': 'C'}]},
 {'experiment': {'exp_id': 7, 'exp_name': 'gemfibrozil-100mg/kg-7day'},
  'experiment_vs_sample': [13, 14, 15, 16, 17, 18],
  'sample': [{'sample_id': 32,
              'sample_name': 'gem-low-1 -7d',
              'sample_type': 'I'},
             {'sample_id': 34,
              'sample_name': 'gem-low-2 -7d',
              'sample_type': 'I'},
             {'sample_id': 36,
              'sample_name': 'gem-low-3 -7d',
              'sample_type': 'I'},
             {'sample_id': 21, 'sample_name': 'ctl-1-7d', 'sample_type': 'C'},
             {'sample_id': 23, 'sample_name': 'ctl-2-7d', 'sample_type': 'C'},
             {'sample_id': 25, 'sample_name': 'ctl-3-7d', 'sample_type': 'C'}]},
 {'experiment': {'exp_id': 3, 'exp_name': 'gemfibrozil-100mg/kg-1day'},
  'experiment_vs_sample': [19, 20, 21, 22, 23, 24],
  'sample': [{'sample_id': 33, 'sample_name': 'gem-low-1', 'sample_type': 'I'},
             {'sample_id': 35, 'sample_name': 'gem-low-2', 'sample_type': 'I'},
             {'sample_id': 37, 'sample_name': 'gem-low-3', 'sample_type': 'I'},
             {'sample_id': 22, 'sample_name': 'ctl-2', 'sample_type': 'C'},
             {'sample_id': 24, 'sample_name': 'ctl-3', 'sample_type': 'C'},
             {'sample_id': 38, 'sample_name': 'ctl-1', 'sample_type': 'C'}]}]
DEBUG 2017-04-28 19:48:36,254 views confirm_experiment_sample_pair: Content of row I, gem-high-1-7d, gemfibrozil-700mg/kg-1day
DEBUG 2017-04-28 19:48:36,256 views confirm_experiment_sample_pair: Content of row I, gem-high2-7d, gemfibrozil-700mg/kg-1day
DEBUG 2017-04-28 19:48:36,258 views confirm_experiment_sample_pair: Content of row I, gem-high3 -7d, gemfibrozil-700mg/kg-1day
DEBUG 2017-04-28 19:48:36,260 views confirm_experiment_sample_pair: Content of row C, ctl-1-7d, gemfibrozil-700mg/kg-1day
DEBUG 2017-04-28 19:48:36,262 views confirm_experiment_sample_pair: Content of row C, ctl-2-7d, gemfibrozil-700mg/kg-1day
DEBUG 2017-04-28 19:48:36,265 views confirm_experiment_sample_pair: Content of row C, ctl-3-7d, gemfibrozil-700mg/kg-1day
DEBUG 2017-04-28 19:48:36,268 views confirm_experiment_sample_pair: Content of row I, gem-low-1 -7d, gemfibrozil-100mg/kg-7day
DEBUG 2017-04-28 19:48:36,270 views confirm_experiment_sample_pair: Content of row I, gem-low-2 -7d, gemfibrozil-100mg/kg-7day
DEBUG 2017-04-28 19:48:36,272 views confirm_experiment_sample_pair: Content of row I, gem-low-3 -7d, gemfibrozil-100mg/kg-7day
DEBUG 2017-04-28 19:48:36,274 views confirm_experiment_sample_pair: Content of row C, ctl-1-7d, gemfibrozil-100mg/kg-7day
DEBUG 2017-04-28 19:48:36,277 views confirm_experiment_sample_pair: Content of row C, ctl-2-7d, gemfibrozil-100mg/kg-7day
DEBUG 2017-04-28 19:48:36,279 views confirm_experiment_sample_pair: Content of row C, ctl-3-7d, gemfibrozil-100mg/kg-7day
DEBUG 2017-04-28 19:48:36,282 views confirm_experiment_sample_pair: Content of row I, gem-low-1, gemfibrozil-100mg/kg-1day
DEBUG 2017-04-28 19:48:36,285 views confirm_experiment_sample_pair: Content of row I, gem-low-2, gemfibrozil-100mg/kg-1day
DEBUG 2017-04-28 19:48:36,287 views confirm_experiment_sample_pair: Content of row I, gem-low-3, gemfibrozil-100mg/kg-1day
DEBUG 2017-04-28 19:48:36,289 views confirm_experiment_sample_pair: Content of row C, ctl-2, gemfibrozil-100mg/kg-1day
DEBUG 2017-04-28 19:48:36,292 views confirm_experiment_sample_pair: Content of row C, ctl-3, gemfibrozil-100mg/kg-1day
DEBUG 2017-04-28 19:48:36,294 views confirm_experiment_sample_pair: Content of row C, ctl-1, gemfibrozil-100mg/kg-1day
